Using pre-set license
Built from '2020.3/staging' branch; Version is '2020.3.6f1 (338bb68529b2) revision 3378102'; Using compiler version '192528614'; Build Type 'Release'
OS: 'Windows 10 Pro; OS build 22621.1848; Version 2009; 64bit' Language: 'en' Physical Memory: 16122 MB
BatchMode: 1, IsHumanControllingUs: 0, StartBugReporterOnCrash: 0, Is64bit: 1, IsPro: 0

 COMMAND LINE ARGUMENTS:
C:\Program Files\Unity\Hub\Editor\2020.3.6f1\Editor\Unity.exe
-adb2
-batchMode
-noUpm
-name
AssetImportWorker0
-projectPath
C:/Users/liz/Documents/uni/test/WaveFunctionCollapse
-logFile
Logs/AssetImportWorker0.log
-srvPort
61861
Successfully changed project path to: C:/Users/liz/Documents/uni/test/WaveFunctionCollapse
C:/Users/liz/Documents/uni/test/WaveFunctionCollapse
Using Asset Import Pipeline V2.
Refreshing native plugins compatible for Editor in 24.31 ms, found 1 plugins.
Preloading 0 native plugins for Editor in 0.00 ms.
Initialize engine version: 2020.3.6f1 (338bb68529b2)
[Subsystems] Discovering subsystems at path C:/Program Files/Unity/Hub/Editor/2020.3.6f1/Editor/Data/Resources/UnitySubsystems
[Subsystems] Discovering subsystems at path C:/Users/liz/Documents/uni/test/WaveFunctionCollapse/Assets
GfxDevice: creating device client; threaded=0
Direct3D:
    Version:  Direct3D 11.0 [level 11.1]
    Renderer: NVIDIA GeForce RTX 3060 Laptop GPU (ID=0x2520)
    Vendor:   
    VRAM:     6023 MB
    Driver:   31.0.15.1720
Initialize mono
Mono path[0] = 'C:/Program Files/Unity/Hub/Editor/2020.3.6f1/Editor/Data/Managed'
Mono path[1] = 'C:/Program Files/Unity/Hub/Editor/2020.3.6f1/Editor/Data/MonoBleedingEdge/lib/mono/unityjit'
Mono config path = 'C:/Program Files/Unity/Hub/Editor/2020.3.6f1/Editor/Data/MonoBleedingEdge/etc'
Using monoOptions --debugger-agent=transport=dt_socket,embedding=1,server=y,suspend=n,address=127.0.0.1:56060
Begin MonoManager ReloadAssembly
Registering precompiled unity dll's ...
Register platform support module: C:/Program Files/Unity/Hub/Editor/2020.3.6f1/Editor/Data/PlaybackEngines/WindowsStandaloneSupport/UnityEditor.WindowsStandalone.Extensions.dll
Registered in 0.000782 seconds.
Native extension for WindowsStandalone target not found
Refreshing native plugins compatible for Editor in 24.32 ms, found 1 plugins.
Preloading 0 native plugins for Editor in 0.00 ms.
Mono: successfully reloaded assembly
- Completed reload, in  0.668 seconds
Platform modules already initialized, skipping
Registering precompiled user dll's ...
Registered in 0.000579 seconds.
Begin MonoManager ReloadAssembly
Native extension for WindowsStandalone target not found
Refreshing native plugins compatible for Editor in 23.94 ms, found 1 plugins.
Preloading 0 native plugins for Editor in 0.00 ms.
Mono: successfully reloaded assembly
- Completed reload, in  0.588 seconds
Platform modules already initialized, skipping
========================================================================
Worker process is ready to serve import requests
Launched and connected shader compiler UnityShaderCompiler.exe after 0.03 seconds
Refreshing native plugins compatible for Editor in 0.32 ms, found 1 plugins.
Preloading 0 native plugins for Editor in 0.00 ms.
Unloading 1774 Unused Serialized files (Serialized files now loaded: 0)
System memory in use before: 83.9 MB.
System memory in use after: 84.0 MB.

Unloading 18 unused Assets to reduce memory usage. Loaded Objects now: 2221.
Total: 1.845400 ms (FindLiveObjects: 0.161400 ms CreateObjectMapping: 0.031200 ms MarkObjects: 1.580800 ms  DeleteObjects: 0.071200 ms)

========================================================================
Received Import Request.
  path: Assets/Scenes/MapGen.unity
  artifactKey: Guid(2cda990e2423bbf4892e6590ba056729) Importer(815301076,1909f56bfc062723c751e8b465ee728b)
Start importing Assets/Scenes/MapGen.unity using Guid(2cda990e2423bbf4892e6590ba056729) Importer(815301076,1909f56bfc062723c751e8b465ee728b)  -> (artifact id: 'c0291f9cea3e9390eda9d7915295f715') in 0.009235 seconds
  Import took 0.011281 seconds .

========================================================================
Received Import Request.
  Time since last request: 0.109299 seconds.
  path: Assets/Scenes/TileGen.unity
  artifactKey: Guid(4d6488755b87b14458c3d9986437c7a4) Importer(815301076,1909f56bfc062723c751e8b465ee728b)
Start importing Assets/Scenes/TileGen.unity using Guid(4d6488755b87b14458c3d9986437c7a4) Importer(815301076,1909f56bfc062723c751e8b465ee728b)  -> (artifact id: 'f18d1f1429e103cd0e1c32136d01612a') in 0.003637 seconds
  Import took 0.006284 seconds .

========================================================================
Received Import Request.
  Time since last request: 2.373613 seconds.
  path: Assets/tilesetNEW/00.png
  artifactKey: Guid(590ded1f46c8dfd45be885fef458f2a3) Importer(815301076,1909f56bfc062723c751e8b465ee728b)
Start importing Assets/tilesetNEW/00.png using Guid(590ded1f46c8dfd45be885fef458f2a3) Importer(815301076,1909f56bfc062723c751e8b465ee728b)  -> (artifact id: '6ededb9c2ba262fba75ce6a97644f282') in 0.095318 seconds
  Import took 0.098036 seconds .

========================================================================
Received Prepare
Registering precompiled user dll's ...
Registered in 0.000510 seconds.
Begin MonoManager ReloadAssembly
Native extension for WindowsStandalone target not found
Refreshing native plugins compatible for Editor in 0.34 ms, found 1 plugins.
Preloading 0 native plugins for Editor in 0.00 ms.
Mono: successfully reloaded assembly
- Completed reload, in  0.602 seconds
Platform modules already initialized, skipping
Refreshing native plugins compatible for Editor in 0.42 ms, found 1 plugins.
Preloading 0 native plugins for Editor in 0.00 ms.
Unloading 1764 Unused Serialized files (Serialized files now loaded: 0)
System memory in use before: 86.5 MB.
System memory in use after: 86.6 MB.

Unloading 6 unused Assets to reduce memory usage. Loaded Objects now: 2230.
Total: 1.733400 ms (FindLiveObjects: 0.159200 ms CreateObjectMapping: 0.034000 ms MarkObjects: 1.520400 ms  DeleteObjects: 0.018700 ms)

========================================================================
Received Import Request.
  Time since last request: 17.249598 seconds.
  path: Assets/tilesetNEW/01.png
  artifactKey: Guid(d4a6bf7cd09aadd4480c96ce65adeb83) Importer(815301076,1909f56bfc062723c751e8b465ee728b)
Start importing Assets/tilesetNEW/01.png using Guid(d4a6bf7cd09aadd4480c96ce65adeb83) Importer(815301076,1909f56bfc062723c751e8b465ee728b)  -> (artifact id: 'f8860d0735eb859b218cedc05002c679') in 0.040851 seconds
  Import took 0.043951 seconds .

========================================================================
Received Prepare
Registering precompiled user dll's ...
Registered in 0.000588 seconds.
Begin MonoManager ReloadAssembly
Native extension for WindowsStandalone target not found
Refreshing native plugins compatible for Editor in 0.31 ms, found 1 plugins.
Preloading 0 native plugins for Editor in 0.00 ms.
Mono: successfully reloaded assembly
- Completed reload, in  0.626 seconds
Platform modules already initialized, skipping
Refreshing native plugins compatible for Editor in 0.28 ms, found 1 plugins.
Preloading 0 native plugins for Editor in 0.00 ms.
Unloading 1764 Unused Serialized files (Serialized files now loaded: 0)
System memory in use before: 86.5 MB.
System memory in use after: 86.7 MB.

Unloading 6 unused Assets to reduce memory usage. Loaded Objects now: 2236.
Total: 1.749900 ms (FindLiveObjects: 0.239500 ms CreateObjectMapping: 0.049900 ms MarkObjects: 1.443500 ms  DeleteObjects: 0.015900 ms)

========================================================================
Received Prepare
Registering precompiled user dll's ...
Registered in 0.000492 seconds.
Begin MonoManager ReloadAssembly
Native extension for WindowsStandalone target not found
Refreshing native plugins compatible for Editor in 0.38 ms, found 1 plugins.
Preloading 0 native plugins for Editor in 0.00 ms.
Mono: successfully reloaded assembly
- Completed reload, in  0.564 seconds
Platform modules already initialized, skipping
Refreshing native plugins compatible for Editor in 0.28 ms, found 1 plugins.
Preloading 0 native plugins for Editor in 0.00 ms.
Unloading 1764 Unused Serialized files (Serialized files now loaded: 0)
System memory in use before: 86.5 MB.
System memory in use after: 86.6 MB.

Unloading 6 unused Assets to reduce memory usage. Loaded Objects now: 2239.
Total: 1.764600 ms (FindLiveObjects: 0.252300 ms CreateObjectMapping: 0.033000 ms MarkObjects: 1.461900 ms  DeleteObjects: 0.016500 ms)

========================================================================
Received Import Request.
  Time since last request: 53.508742 seconds.
  path: Assets/tilesetNEW/02.png
  artifactKey: Guid(5f83bd35ffc7c1249a5df25e26637d65) Importer(815301076,1909f56bfc062723c751e8b465ee728b)
Start importing Assets/tilesetNEW/02.png using Guid(5f83bd35ffc7c1249a5df25e26637d65) Importer(815301076,1909f56bfc062723c751e8b465ee728b)  -> (artifact id: '69d3d3a7657aa52ff78e7b87ba47ddf0') in 0.038739 seconds
  Import took 0.041669 seconds .

========================================================================
Received Import Request.
  Time since last request: 0.000196 seconds.
  path: Assets/tilesetNEW/11.png
  artifactKey: Guid(7f4b0fb608ff12442aa12ba25c00dce9) Importer(815301076,1909f56bfc062723c751e8b465ee728b)
Start importing Assets/tilesetNEW/11.png using Guid(7f4b0fb608ff12442aa12ba25c00dce9) Importer(815301076,1909f56bfc062723c751e8b465ee728b)  -> (artifact id: 'c07f46b0c52357129219085953887a79') in 0.004317 seconds
  Import took 0.006814 seconds .

========================================================================
Received Import Request.
  Time since last request: 0.000188 seconds.
  path: Assets/tilesetNEW/10.png
  artifactKey: Guid(82fe75a8db9f7f744822c2fd2fffbc6c) Importer(815301076,1909f56bfc062723c751e8b465ee728b)
Start importing Assets/tilesetNEW/10.png using Guid(82fe75a8db9f7f744822c2fd2fffbc6c) Importer(815301076,1909f56bfc062723c751e8b465ee728b)  -> (artifact id: '9fdd79a4d134f596ea9b1f05b923fb06') in 0.004225 seconds
  Import took 0.006618 seconds .

========================================================================
Received Import Request.
  Time since last request: 0.000162 seconds.
  path: Assets/tilesetNEW/14.png
  artifactKey: Guid(dc30698f97ceb80489ef3361a0999362) Importer(815301076,1909f56bfc062723c751e8b465ee728b)
Start importing Assets/tilesetNEW/14.png using Guid(dc30698f97ceb80489ef3361a0999362) Importer(815301076,1909f56bfc062723c751e8b465ee728b)  -> (artifact id: '6fb1f98f802a3c222e3183344277670a') in 0.004294 seconds
  Import took 0.006574 seconds .

========================================================================
Received Import Request.
  Time since last request: 0.000200 seconds.
  path: Assets/tilesetNEW/16.png
  artifactKey: Guid(586ad43e2613f0b4aba2669cb71c83c1) Importer(815301076,1909f56bfc062723c751e8b465ee728b)
Start importing Assets/tilesetNEW/16.png using Guid(586ad43e2613f0b4aba2669cb71c83c1) Importer(815301076,1909f56bfc062723c751e8b465ee728b)  -> (artifact id: '9b0fcb0d2416b8ff80465dd97a06b16d') in 0.004795 seconds
  Import took 0.007365 seconds .

========================================================================
Received Import Request.
  Time since last request: 0.000189 seconds.
  path: Assets/tilesetNEW/04.png
  artifactKey: Guid(a5d954b28e9549440a1783fb6907131b) Importer(815301076,1909f56bfc062723c751e8b465ee728b)
Start importing Assets/tilesetNEW/04.png using Guid(a5d954b28e9549440a1783fb6907131b) Importer(815301076,1909f56bfc062723c751e8b465ee728b)  -> (artifact id: '60d729231b634207c8e3b8a64aef67c7') in 0.004891 seconds
  Import took 0.007306 seconds .

========================================================================
Received Import Request.
  Time since last request: 0.000180 seconds.
  path: Assets/tilesetNEW/12.png
  artifactKey: Guid(23404b7d949a571458f21833847afdda) Importer(815301076,1909f56bfc062723c751e8b465ee728b)
Start importing Assets/tilesetNEW/12.png using Guid(23404b7d949a571458f21833847afdda) Importer(815301076,1909f56bfc062723c751e8b465ee728b)  -> (artifact id: '6e937868d0de16e6e3eee67c6068a347') in 0.004418 seconds
  Import took 0.006757 seconds .

========================================================================
Received Import Request.
  Time since last request: 0.000174 seconds.
  path: Assets/tilesetNEW/07.png
  artifactKey: Guid(436c7af3dd1a3fa4aba07d4a1e87258e) Importer(815301076,1909f56bfc062723c751e8b465ee728b)
Start importing Assets/tilesetNEW/07.png using Guid(436c7af3dd1a3fa4aba07d4a1e87258e) Importer(815301076,1909f56bfc062723c751e8b465ee728b)  -> (artifact id: 'd9a1f7271428c42ae1cd5dd627a5c9de') in 0.004773 seconds
  Import took 0.007140 seconds .

========================================================================
Received Import Request.
  Time since last request: 0.000204 seconds.
  path: Assets/tilesetNEW/05.png
  artifactKey: Guid(ce217d70b885bd44ea07c0310da0d187) Importer(815301076,1909f56bfc062723c751e8b465ee728b)
Start importing Assets/tilesetNEW/05.png using Guid(ce217d70b885bd44ea07c0310da0d187) Importer(815301076,1909f56bfc062723c751e8b465ee728b)  -> (artifact id: '1e3d69e7b4d06d86975dd08bc725270d') in 0.004017 seconds
  Import took 0.006312 seconds .

========================================================================
Received Import Request.
  Time since last request: 0.000181 seconds.
  path: Assets/tilesetNEW/15.png
  artifactKey: Guid(51255d73a6d3e224aaef3f1966275aa5) Importer(815301076,1909f56bfc062723c751e8b465ee728b)
Start importing Assets/tilesetNEW/15.png using Guid(51255d73a6d3e224aaef3f1966275aa5) Importer(815301076,1909f56bfc062723c751e8b465ee728b)  -> (artifact id: '02836de941b95db66e4e5c77f4b2cbd4') in 0.004040 seconds
  Import took 0.006347 seconds .

========================================================================
Received Import Request.
  Time since last request: 0.000243 seconds.
  path: Assets/tilesetNEW/09.png
  artifactKey: Guid(b3e358e967cc59f4e8715a8fb2279559) Importer(815301076,1909f56bfc062723c751e8b465ee728b)
Start importing Assets/tilesetNEW/09.png using Guid(b3e358e967cc59f4e8715a8fb2279559) Importer(815301076,1909f56bfc062723c751e8b465ee728b)  -> (artifact id: '1769a5f574db637aad7e6c5ecf735628') in 0.004164 seconds
  Import took 0.006502 seconds .

========================================================================
Received Import Request.
  Time since last request: 0.000210 seconds.
  path: Assets/tilesetNEW/08.png
  artifactKey: Guid(5180dc1656fe5294c8a8b7ddefc2219f) Importer(815301076,1909f56bfc062723c751e8b465ee728b)
Start importing Assets/tilesetNEW/08.png using Guid(5180dc1656fe5294c8a8b7ddefc2219f) Importer(815301076,1909f56bfc062723c751e8b465ee728b)  -> (artifact id: '051256012760e04aad8190f93faae87e') in 0.004463 seconds
  Import took 0.006787 seconds .

========================================================================
Received Import Request.
  Time since last request: 0.000205 seconds.
  path: Assets/tilesetNEW/06.png
  artifactKey: Guid(ceed7efe9096a6b47b0f3b9b4e5404a1) Importer(815301076,1909f56bfc062723c751e8b465ee728b)
Start importing Assets/tilesetNEW/06.png using Guid(ceed7efe9096a6b47b0f3b9b4e5404a1) Importer(815301076,1909f56bfc062723c751e8b465ee728b)  -> (artifact id: '07b32f38c2e931fe4c8ec5850f72aa6d') in 0.004412 seconds
  Import took 0.006822 seconds .

========================================================================
Received Import Request.
  Time since last request: 0.000229 seconds.
  path: Assets/tilesetNEW/13.png
  artifactKey: Guid(01ee4e50400b9534db6da5a84b688188) Importer(815301076,1909f56bfc062723c751e8b465ee728b)
Start importing Assets/tilesetNEW/13.png using Guid(01ee4e50400b9534db6da5a84b688188) Importer(815301076,1909f56bfc062723c751e8b465ee728b)  -> (artifact id: 'da6e7f7cb32cf45567dd7d5fb51d7d51') in 0.005099 seconds
  Import took 0.007391 seconds .

========================================================================
Received Import Request.
  Time since last request: 0.000244 seconds.
  path: Assets/tilesetNEW/03.png
  artifactKey: Guid(d17f785613aa5e5478c77ddbe1a25608) Importer(815301076,1909f56bfc062723c751e8b465ee728b)
Start importing Assets/tilesetNEW/03.png using Guid(d17f785613aa5e5478c77ddbe1a25608) Importer(815301076,1909f56bfc062723c751e8b465ee728b)  -> (artifact id: '9fadc4488036ca9d73fe2b3f8a7259d5') in 0.004279 seconds
  Import took 0.006554 seconds .

========================================================================
Received Import Request.
  Time since last request: 0.000172 seconds.
  path: Assets/tilesetNEW/13.png
  artifactKey: Guid(01ee4e50400b9534db6da5a84b688188) Importer(815301076,1909f56bfc062723c751e8b465ee728b)
Start importing Assets/tilesetNEW/13.png using Guid(01ee4e50400b9534db6da5a84b688188) Importer(815301076,1909f56bfc062723c751e8b465ee728b)  -> (artifact id: 'da6e7f7cb32cf45567dd7d5fb51d7d51') in 0.004866 seconds
  Import took 0.007319 seconds .

========================================================================
Received Prepare
Registering precompiled user dll's ...
Registered in 0.000703 seconds.
Begin MonoManager ReloadAssembly
Native extension for WindowsStandalone target not found
Refreshing native plugins compatible for Editor in 0.42 ms, found 1 plugins.
Preloading 0 native plugins for Editor in 0.00 ms.
Mono: successfully reloaded assembly
- Completed reload, in  0.559 seconds
Platform modules already initialized, skipping
Refreshing native plugins compatible for Editor in 0.39 ms, found 1 plugins.
Preloading 0 native plugins for Editor in 0.00 ms.
Unloading 1764 Unused Serialized files (Serialized files now loaded: 0)
System memory in use before: 86.6 MB.
System memory in use after: 86.7 MB.

Unloading 6 unused Assets to reduce memory usage. Loaded Objects now: 2243.
Total: 1.821900 ms (FindLiveObjects: 0.252200 ms CreateObjectMapping: 0.040500 ms MarkObjects: 1.512400 ms  DeleteObjects: 0.015500 ms)

========================================================================
Received Import Request.
  Time since last request: 38.148322 seconds.
  path: Assets/tilesetNEW/04.png
  artifactKey: Guid(a5d954b28e9549440a1783fb6907131b) Importer(815301076,1909f56bfc062723c751e8b465ee728b)
Start importing Assets/tilesetNEW/04.png using Guid(a5d954b28e9549440a1783fb6907131b) Importer(815301076,1909f56bfc062723c751e8b465ee728b)  -> (artifact id: 'be60202d5b9fe236a41bcf09220b976e') in 0.038227 seconds
  Import took 0.041123 seconds .

========================================================================
Received Import Request.
  Time since last request: 0.000204 seconds.
  path: Assets/tilesetNEW/01.png
  artifactKey: Guid(d4a6bf7cd09aadd4480c96ce65adeb83) Importer(815301076,1909f56bfc062723c751e8b465ee728b)
Start importing Assets/tilesetNEW/01.png using Guid(d4a6bf7cd09aadd4480c96ce65adeb83) Importer(815301076,1909f56bfc062723c751e8b465ee728b)  -> (artifact id: 'eb4c99115fe32c62ec437588a97a5da7') in 0.004507 seconds
  Import took 0.006904 seconds .

========================================================================
Received Import Request.
  Time since last request: 0.000199 seconds.
  path: Assets/tilesetNEW/02.png
  artifactKey: Guid(5f83bd35ffc7c1249a5df25e26637d65) Importer(815301076,1909f56bfc062723c751e8b465ee728b)
Start importing Assets/tilesetNEW/02.png using Guid(5f83bd35ffc7c1249a5df25e26637d65) Importer(815301076,1909f56bfc062723c751e8b465ee728b)  -> (artifact id: '2c95cb4495a86d2bf74d1a68436f12c6') in 0.004392 seconds
  Import took 0.006822 seconds .

========================================================================
Received Import Request.
  Time since last request: 0.000302 seconds.
  path: Assets/tilesetNEW/03.png
  artifactKey: Guid(d17f785613aa5e5478c77ddbe1a25608) Importer(815301076,1909f56bfc062723c751e8b465ee728b)
Start importing Assets/tilesetNEW/03.png using Guid(d17f785613aa5e5478c77ddbe1a25608) Importer(815301076,1909f56bfc062723c751e8b465ee728b)  -> (artifact id: '75a123b4e1438f15d1447348606ae945') in 0.004261 seconds
  Import took 0.006775 seconds .

========================================================================
Received Prepare
Registering precompiled user dll's ...
Registered in 0.000536 seconds.
Begin MonoManager ReloadAssembly
Native extension for WindowsStandalone target not found
Refreshing native plugins compatible for Editor in 0.39 ms, found 1 plugins.
Preloading 0 native plugins for Editor in 0.00 ms.
Mono: successfully reloaded assembly
- Completed reload, in  0.581 seconds
Platform modules already initialized, skipping
Refreshing native plugins compatible for Editor in 0.35 ms, found 1 plugins.
Preloading 0 native plugins for Editor in 0.00 ms.
Unloading 1764 Unused Serialized files (Serialized files now loaded: 0)
System memory in use before: 86.6 MB.
System memory in use after: 86.7 MB.

Unloading 6 unused Assets to reduce memory usage. Loaded Objects now: 2249.
Total: 1.920800 ms (FindLiveObjects: 0.184600 ms CreateObjectMapping: 0.031300 ms MarkObjects: 1.687200 ms  DeleteObjects: 0.016400 ms)

========================================================================
Received Import Request.
  Time since last request: 19.285589 seconds.
  path: Assets/tilesetNEW/02.png
  artifactKey: Guid(5f83bd35ffc7c1249a5df25e26637d65) Importer(815301076,1909f56bfc062723c751e8b465ee728b)
Start importing Assets/tilesetNEW/02.png using Guid(5f83bd35ffc7c1249a5df25e26637d65) Importer(815301076,1909f56bfc062723c751e8b465ee728b)  -> (artifact id: '61d62c2a84c4878baae8229483c39932') in 0.035900 seconds
  Import took 0.038759 seconds .

========================================================================
Received Prepare
Registering precompiled user dll's ...
Registered in 0.000473 seconds.
Begin MonoManager ReloadAssembly
Native extension for WindowsStandalone target not found
Refreshing native plugins compatible for Editor in 0.47 ms, found 1 plugins.
Preloading 0 native plugins for Editor in 0.00 ms.
Mono: successfully reloaded assembly
- Completed reload, in  0.550 seconds
Platform modules already initialized, skipping
Refreshing native plugins compatible for Editor in 0.29 ms, found 1 plugins.
Preloading 0 native plugins for Editor in 0.00 ms.
Unloading 1764 Unused Serialized files (Serialized files now loaded: 0)
System memory in use before: 86.6 MB.
System memory in use after: 86.7 MB.

Unloading 6 unused Assets to reduce memory usage. Loaded Objects now: 2253.
Total: 2.034500 ms (FindLiveObjects: 0.217000 ms CreateObjectMapping: 0.055900 ms MarkObjects: 1.728900 ms  DeleteObjects: 0.031200 ms)

========================================================================
Received Import Request.
  Time since last request: 43.689929 seconds.
  path: Assets/tilesetNEW/11.png
  artifactKey: Guid(7f4b0fb608ff12442aa12ba25c00dce9) Importer(815301076,1909f56bfc062723c751e8b465ee728b)
Start importing Assets/tilesetNEW/11.png using Guid(7f4b0fb608ff12442aa12ba25c00dce9) Importer(815301076,1909f56bfc062723c751e8b465ee728b)  -> (artifact id: '9474b8157c2200cf7a188c0041806822') in 0.032723 seconds
  Import took 0.035449 seconds .

========================================================================
Received Import Request.
  Time since last request: 0.000320 seconds.
  path: Assets/tilesetNEW/10.png
  artifactKey: Guid(82fe75a8db9f7f744822c2fd2fffbc6c) Importer(815301076,1909f56bfc062723c751e8b465ee728b)
Start importing Assets/tilesetNEW/10.png using Guid(82fe75a8db9f7f744822c2fd2fffbc6c) Importer(815301076,1909f56bfc062723c751e8b465ee728b)  -> (artifact id: '2cc956f26d5bfc25961e1d4fadb156a8') in 0.005305 seconds
  Import took 0.007395 seconds .

========================================================================
Received Import Request.
  Time since last request: 0.000160 seconds.
  path: Assets/tilesetNEW/14.png
  artifactKey: Guid(dc30698f97ceb80489ef3361a0999362) Importer(815301076,1909f56bfc062723c751e8b465ee728b)
Start importing Assets/tilesetNEW/14.png using Guid(dc30698f97ceb80489ef3361a0999362) Importer(815301076,1909f56bfc062723c751e8b465ee728b)  -> (artifact id: '755d17c2d3f23c58bd72efae8e14c494') in 0.004395 seconds
  Import took 0.006223 seconds .

========================================================================
Received Import Request.
  Time since last request: 0.000114 seconds.
  path: Assets/tilesetNEW/16.png
  artifactKey: Guid(586ad43e2613f0b4aba2669cb71c83c1) Importer(815301076,1909f56bfc062723c751e8b465ee728b)
Start importing Assets/tilesetNEW/16.png using Guid(586ad43e2613f0b4aba2669cb71c83c1) Importer(815301076,1909f56bfc062723c751e8b465ee728b)  -> (artifact id: '4ca38a4c88f2d792e056bdc9c17a5ffa') in 0.004101 seconds
  Import took 0.005843 seconds .

========================================================================
Received Import Request.
  Time since last request: 0.000151 seconds.
  path: Assets/tilesetNEW/04.png
  artifactKey: Guid(a5d954b28e9549440a1783fb6907131b) Importer(815301076,1909f56bfc062723c751e8b465ee728b)
Start importing Assets/tilesetNEW/04.png using Guid(a5d954b28e9549440a1783fb6907131b) Importer(815301076,1909f56bfc062723c751e8b465ee728b)  -> (artifact id: '620e13bd30b547a6464c8dfe2ed72d18') in 0.004207 seconds
  Import took 0.005955 seconds .

========================================================================
Received Import Request.
  Time since last request: 0.000137 seconds.
  path: Assets/tilesetNEW/12.png
  artifactKey: Guid(23404b7d949a571458f21833847afdda) Importer(815301076,1909f56bfc062723c751e8b465ee728b)
Start importing Assets/tilesetNEW/12.png using Guid(23404b7d949a571458f21833847afdda) Importer(815301076,1909f56bfc062723c751e8b465ee728b)  -> (artifact id: '952b19bfd92babdde914286ab39f4f3b') in 0.004380 seconds
  Import took 0.006061 seconds .

========================================================================
Received Import Request.
  Time since last request: 0.000169 seconds.
  path: Assets/tilesetNEW/07.png
  artifactKey: Guid(436c7af3dd1a3fa4aba07d4a1e87258e) Importer(815301076,1909f56bfc062723c751e8b465ee728b)
Start importing Assets/tilesetNEW/07.png using Guid(436c7af3dd1a3fa4aba07d4a1e87258e) Importer(815301076,1909f56bfc062723c751e8b465ee728b)  -> (artifact id: '21003373aee5a8cc051f9a6ab88138e0') in 0.003819 seconds
  Import took 0.005554 seconds .

========================================================================
Received Import Request.
  Time since last request: 0.000143 seconds.
  path: Assets/tilesetNEW/05.png
  artifactKey: Guid(ce217d70b885bd44ea07c0310da0d187) Importer(815301076,1909f56bfc062723c751e8b465ee728b)
Start importing Assets/tilesetNEW/05.png using Guid(ce217d70b885bd44ea07c0310da0d187) Importer(815301076,1909f56bfc062723c751e8b465ee728b)  -> (artifact id: 'e8c672a29d78f7604c27eabf3f493bf3') in 0.004472 seconds
  Import took 0.006213 seconds .

========================================================================
Received Import Request.
  Time since last request: 0.000148 seconds.
  path: Assets/tilesetNEW/15.png
  artifactKey: Guid(51255d73a6d3e224aaef3f1966275aa5) Importer(815301076,1909f56bfc062723c751e8b465ee728b)
Start importing Assets/tilesetNEW/15.png using Guid(51255d73a6d3e224aaef3f1966275aa5) Importer(815301076,1909f56bfc062723c751e8b465ee728b)  -> (artifact id: '5975550cdd81f482f53c8f0b08053eed') in 0.004345 seconds
  Import took 0.006109 seconds .

========================================================================
Received Import Request.
  Time since last request: 0.000129 seconds.
  path: Assets/tilesetNEW/09.png
  artifactKey: Guid(b3e358e967cc59f4e8715a8fb2279559) Importer(815301076,1909f56bfc062723c751e8b465ee728b)
Start importing Assets/tilesetNEW/09.png using Guid(b3e358e967cc59f4e8715a8fb2279559) Importer(815301076,1909f56bfc062723c751e8b465ee728b)  -> (artifact id: '23b06a73c5cd18c33715ab9efe4f8f4c') in 0.004712 seconds
  Import took 0.006567 seconds .

========================================================================
Received Import Request.
  Time since last request: 0.000191 seconds.
  path: Assets/tilesetNEW/08.png
  artifactKey: Guid(5180dc1656fe5294c8a8b7ddefc2219f) Importer(815301076,1909f56bfc062723c751e8b465ee728b)
Start importing Assets/tilesetNEW/08.png using Guid(5180dc1656fe5294c8a8b7ddefc2219f) Importer(815301076,1909f56bfc062723c751e8b465ee728b)  -> (artifact id: '5082bba908b8f49a9f6ca1b4e937847b') in 0.006595 seconds
  Import took 0.008747 seconds .

========================================================================
Received Import Request.
  Time since last request: 0.000184 seconds.
  path: Assets/tilesetNEW/06.png
  artifactKey: Guid(ceed7efe9096a6b47b0f3b9b4e5404a1) Importer(815301076,1909f56bfc062723c751e8b465ee728b)
Start importing Assets/tilesetNEW/06.png using Guid(ceed7efe9096a6b47b0f3b9b4e5404a1) Importer(815301076,1909f56bfc062723c751e8b465ee728b)  -> (artifact id: '0d41f021cbca7b3229d479f44c69c148') in 0.006573 seconds
  Import took 0.008898 seconds .

========================================================================
Received Import Request.
  Time since last request: 0.000190 seconds.
  path: Assets/tilesetNEW/13.png
  artifactKey: Guid(01ee4e50400b9534db6da5a84b688188) Importer(815301076,1909f56bfc062723c751e8b465ee728b)
Start importing Assets/tilesetNEW/13.png using Guid(01ee4e50400b9534db6da5a84b688188) Importer(815301076,1909f56bfc062723c751e8b465ee728b)  -> (artifact id: '1e9e5c17386ae689e896a9fbe46d037c') in 0.005606 seconds
  Import took 0.007936 seconds .

========================================================================
Received Import Request.
  Time since last request: 0.000184 seconds.
  path: Assets/tilesetNEW/02.png
  artifactKey: Guid(5f83bd35ffc7c1249a5df25e26637d65) Importer(815301076,1909f56bfc062723c751e8b465ee728b)
Start importing Assets/tilesetNEW/02.png using Guid(5f83bd35ffc7c1249a5df25e26637d65) Importer(815301076,1909f56bfc062723c751e8b465ee728b)  -> (artifact id: '56c8a31ffc16ed5a5bddfe1084533373') in 0.004728 seconds
  Import took 0.006661 seconds .

========================================================================
Received Import Request.
  Time since last request: 0.000156 seconds.
  path: Assets/tilesetNEW/03.png
  artifactKey: Guid(d17f785613aa5e5478c77ddbe1a25608) Importer(815301076,1909f56bfc062723c751e8b465ee728b)
Start importing Assets/tilesetNEW/03.png using Guid(d17f785613aa5e5478c77ddbe1a25608) Importer(815301076,1909f56bfc062723c751e8b465ee728b)  -> (artifact id: '6ce8e767efbd8b54175c6a368b4db95a') in 0.004729 seconds
  Import took 0.006622 seconds .

========================================================================
Received Prepare
Registering precompiled user dll's ...
Registered in 0.000497 seconds.
Begin MonoManager ReloadAssembly
Native extension for WindowsStandalone target not found
Refreshing native plugins compatible for Editor in 0.25 ms, found 1 plugins.
Preloading 0 native plugins for Editor in 0.00 ms.
Mono: successfully reloaded assembly
- Completed reload, in  0.539 seconds
Platform modules already initialized, skipping
Refreshing native plugins compatible for Editor in 0.30 ms, found 1 plugins.
Preloading 0 native plugins for Editor in 0.00 ms.
Unloading 1764 Unused Serialized files (Serialized files now loaded: 0)
System memory in use before: 86.6 MB.
System memory in use after: 86.8 MB.

Unloading 6 unused Assets to reduce memory usage. Loaded Objects now: 2257.
Total: 1.842000 ms (FindLiveObjects: 0.188600 ms CreateObjectMapping: 0.029200 ms MarkObjects: 1.608900 ms  DeleteObjects: 0.014400 ms)

========================================================================
Received Import Request.
  Time since last request: 75.360631 seconds.
  path: Assets/tilesetNEW/11.png
  artifactKey: Guid(7f4b0fb608ff12442aa12ba25c00dce9) Importer(815301076,1909f56bfc062723c751e8b465ee728b)
Start importing Assets/tilesetNEW/11.png using Guid(7f4b0fb608ff12442aa12ba25c00dce9) Importer(815301076,1909f56bfc062723c751e8b465ee728b)  -> (artifact id: 'e49f7119842fde3b8ae1a6f9e3665bd0') in 0.033607 seconds
  Import took 0.036004 seconds .

========================================================================
Received Import Request.
  Time since last request: 0.000533 seconds.
  path: Assets/tilesetNEW/10.png
  artifactKey: Guid(82fe75a8db9f7f744822c2fd2fffbc6c) Importer(815301076,1909f56bfc062723c751e8b465ee728b)
Start importing Assets/tilesetNEW/10.png using Guid(82fe75a8db9f7f744822c2fd2fffbc6c) Importer(815301076,1909f56bfc062723c751e8b465ee728b)  -> (artifact id: '0d6d2251b40005f9f81a81e27d3fd6f4') in 0.006189 seconds
  Import took 0.008289 seconds .

========================================================================
Received Import Request.
  Time since last request: 0.000343 seconds.
  path: Assets/tilesetNEW/14.png
  artifactKey: Guid(dc30698f97ceb80489ef3361a0999362) Importer(815301076,1909f56bfc062723c751e8b465ee728b)
Start importing Assets/tilesetNEW/14.png using Guid(dc30698f97ceb80489ef3361a0999362) Importer(815301076,1909f56bfc062723c751e8b465ee728b)  -> (artifact id: '794f73ccc4afa412cf5bedde2670e745') in 0.005661 seconds
  Import took 0.007595 seconds .

========================================================================
Received Import Request.
  Time since last request: 0.000238 seconds.
  path: Assets/tilesetNEW/16.png
  artifactKey: Guid(586ad43e2613f0b4aba2669cb71c83c1) Importer(815301076,1909f56bfc062723c751e8b465ee728b)
Start importing Assets/tilesetNEW/16.png using Guid(586ad43e2613f0b4aba2669cb71c83c1) Importer(815301076,1909f56bfc062723c751e8b465ee728b)  -> (artifact id: '81e0b14019e67cfacc7b09020cfea427') in 0.005937 seconds
  Import took 0.007832 seconds .

========================================================================
Received Import Request.
  Time since last request: 0.000258 seconds.
  path: Assets/tilesetNEW/04.png
  artifactKey: Guid(a5d954b28e9549440a1783fb6907131b) Importer(815301076,1909f56bfc062723c751e8b465ee728b)
Start importing Assets/tilesetNEW/04.png using Guid(a5d954b28e9549440a1783fb6907131b) Importer(815301076,1909f56bfc062723c751e8b465ee728b)  -> (artifact id: 'b29ebd48abe301da4a3552dc4424361d') in 0.005380 seconds
  Import took 0.007352 seconds .

========================================================================
Received Import Request.
  Time since last request: 0.000212 seconds.
  path: Assets/tilesetNEW/12.png
  artifactKey: Guid(23404b7d949a571458f21833847afdda) Importer(815301076,1909f56bfc062723c751e8b465ee728b)
Start importing Assets/tilesetNEW/12.png using Guid(23404b7d949a571458f21833847afdda) Importer(815301076,1909f56bfc062723c751e8b465ee728b)  -> (artifact id: '00f5d3b1d0037aa743fe0e8a76a2a205') in 0.004727 seconds
  Import took 0.006620 seconds .

========================================================================
Received Import Request.
  Time since last request: 0.000141 seconds.
  path: Assets/tilesetNEW/07.png
  artifactKey: Guid(436c7af3dd1a3fa4aba07d4a1e87258e) Importer(815301076,1909f56bfc062723c751e8b465ee728b)
Start importing Assets/tilesetNEW/07.png using Guid(436c7af3dd1a3fa4aba07d4a1e87258e) Importer(815301076,1909f56bfc062723c751e8b465ee728b)  -> (artifact id: 'a36b2ef75ab9145c1802754eae76fcb3') in 0.005085 seconds
  Import took 0.006963 seconds .

========================================================================
Received Import Request.
  Time since last request: 0.000174 seconds.
  path: Assets/tilesetNEW/05.png
  artifactKey: Guid(ce217d70b885bd44ea07c0310da0d187) Importer(815301076,1909f56bfc062723c751e8b465ee728b)
Start importing Assets/tilesetNEW/05.png using Guid(ce217d70b885bd44ea07c0310da0d187) Importer(815301076,1909f56bfc062723c751e8b465ee728b)  -> (artifact id: 'fd4604a399f728656e0b392de37a8a0c') in 0.006650 seconds
  Import took 0.008719 seconds .

========================================================================
Received Import Request.
  Time since last request: 0.000176 seconds.
  path: Assets/tilesetNEW/15.png
  artifactKey: Guid(51255d73a6d3e224aaef3f1966275aa5) Importer(815301076,1909f56bfc062723c751e8b465ee728b)
Start importing Assets/tilesetNEW/15.png using Guid(51255d73a6d3e224aaef3f1966275aa5) Importer(815301076,1909f56bfc062723c751e8b465ee728b)  -> (artifact id: '7f931c6227d7ff9ba9b31d0b9a41ddd6') in 0.006774 seconds
  Import took 0.009045 seconds .

========================================================================
Received Import Request.
  Time since last request: 0.000202 seconds.
  path: Assets/tilesetNEW/09.png
  artifactKey: Guid(b3e358e967cc59f4e8715a8fb2279559) Importer(815301076,1909f56bfc062723c751e8b465ee728b)
Start importing Assets/tilesetNEW/09.png using Guid(b3e358e967cc59f4e8715a8fb2279559) Importer(815301076,1909f56bfc062723c751e8b465ee728b)  -> (artifact id: '0397a6494bd43fb4946952ee58f3340b') in 0.005302 seconds
  Import took 0.007454 seconds .

========================================================================
Received Import Request.
  Time since last request: 0.000175 seconds.
  path: Assets/tilesetNEW/01.png
  artifactKey: Guid(d4a6bf7cd09aadd4480c96ce65adeb83) Importer(815301076,1909f56bfc062723c751e8b465ee728b)
Start importing Assets/tilesetNEW/01.png using Guid(d4a6bf7cd09aadd4480c96ce65adeb83) Importer(815301076,1909f56bfc062723c751e8b465ee728b)  -> (artifact id: 'f5bd9099a97ad5466fe6db3357302cfa') in 0.005426 seconds
  Import took 0.007457 seconds .

========================================================================
Received Import Request.
  Time since last request: 0.000181 seconds.
  path: Assets/tilesetNEW/08.png
  artifactKey: Guid(5180dc1656fe5294c8a8b7ddefc2219f) Importer(815301076,1909f56bfc062723c751e8b465ee728b)
Start importing Assets/tilesetNEW/08.png using Guid(5180dc1656fe5294c8a8b7ddefc2219f) Importer(815301076,1909f56bfc062723c751e8b465ee728b)  -> (artifact id: '98a1ef320127aaef5b155d0eaa211464') in 0.005169 seconds
  Import took 0.007327 seconds .

========================================================================
Received Import Request.
  Time since last request: 0.000204 seconds.
  path: Assets/tilesetNEW/06.png
  artifactKey: Guid(ceed7efe9096a6b47b0f3b9b4e5404a1) Importer(815301076,1909f56bfc062723c751e8b465ee728b)
Start importing Assets/tilesetNEW/06.png using Guid(ceed7efe9096a6b47b0f3b9b4e5404a1) Importer(815301076,1909f56bfc062723c751e8b465ee728b)  -> (artifact id: '6638267ed11063291ffa8e8ad95ffe1b') in 0.005165 seconds
  Import took 0.007162 seconds .

========================================================================
Received Import Request.
  Time since last request: 0.000157 seconds.
  path: Assets/tilesetNEW/13.png
  artifactKey: Guid(01ee4e50400b9534db6da5a84b688188) Importer(815301076,1909f56bfc062723c751e8b465ee728b)
Start importing Assets/tilesetNEW/13.png using Guid(01ee4e50400b9534db6da5a84b688188) Importer(815301076,1909f56bfc062723c751e8b465ee728b)  -> (artifact id: '5c9ef490158bf71ce18a1e9db5e8ea28') in 0.006908 seconds
  Import took 0.008760 seconds .

========================================================================
Received Import Request.
  Time since last request: 0.000132 seconds.
  path: Assets/tilesetNEW/02.png
  artifactKey: Guid(5f83bd35ffc7c1249a5df25e26637d65) Importer(815301076,1909f56bfc062723c751e8b465ee728b)
Start importing Assets/tilesetNEW/02.png using Guid(5f83bd35ffc7c1249a5df25e26637d65) Importer(815301076,1909f56bfc062723c751e8b465ee728b)  -> (artifact id: 'e74ccdfc0c7ba34ada57e587f9e51119') in 0.004714 seconds
  Import took 0.006529 seconds .

========================================================================
Received Import Request.
  Time since last request: 0.000144 seconds.
  path: Assets/tilesetNEW/03.png
  artifactKey: Guid(d17f785613aa5e5478c77ddbe1a25608) Importer(815301076,1909f56bfc062723c751e8b465ee728b)
Start importing Assets/tilesetNEW/03.png using Guid(d17f785613aa5e5478c77ddbe1a25608) Importer(815301076,1909f56bfc062723c751e8b465ee728b)  -> (artifact id: '782ed67f70347b1d30232cf5c57f1762') in 0.004487 seconds
  Import took 0.006234 seconds .

========================================================================
Received Prepare
Registering precompiled user dll's ...
Registered in 0.000590 seconds.
Begin MonoManager ReloadAssembly
Native extension for WindowsStandalone target not found
Refreshing native plugins compatible for Editor in 0.28 ms, found 1 plugins.
Preloading 0 native plugins for Editor in 0.00 ms.
Mono: successfully reloaded assembly
- Completed reload, in  0.543 seconds
Platform modules already initialized, skipping
Refreshing native plugins compatible for Editor in 0.29 ms, found 1 plugins.
Preloading 0 native plugins for Editor in 0.00 ms.
Unloading 1764 Unused Serialized files (Serialized files now loaded: 0)
System memory in use before: 86.7 MB.
System memory in use after: 86.8 MB.

Unloading 6 unused Assets to reduce memory usage. Loaded Objects now: 2263.
Total: 1.538900 ms (FindLiveObjects: 0.137800 ms CreateObjectMapping: 0.032800 ms MarkObjects: 1.349100 ms  DeleteObjects: 0.018100 ms)

========================================================================
Received Import Request.
  Time since last request: 60.960908 seconds.
  path: Assets/tilesetNEW/14.png
  artifactKey: Guid(dc30698f97ceb80489ef3361a0999362) Importer(815301076,1909f56bfc062723c751e8b465ee728b)
Start importing Assets/tilesetNEW/14.png using Guid(dc30698f97ceb80489ef3361a0999362) Importer(815301076,1909f56bfc062723c751e8b465ee728b)  -> (artifact id: 'a42807b1fbcc82aa29dc518151107247') in 0.031456 seconds
  Import took 0.033867 seconds .

========================================================================
Received Import Request.
  Time since last request: 0.000441 seconds.
  path: Assets/tilesetNEW/16.png
  artifactKey: Guid(586ad43e2613f0b4aba2669cb71c83c1) Importer(815301076,1909f56bfc062723c751e8b465ee728b)
Start importing Assets/tilesetNEW/16.png using Guid(586ad43e2613f0b4aba2669cb71c83c1) Importer(815301076,1909f56bfc062723c751e8b465ee728b)  -> (artifact id: 'bab187c933d9f8c41ef930488d27e66b') in 0.006533 seconds
  Import took 0.008609 seconds .

========================================================================
Received Import Request.
  Time since last request: 0.000229 seconds.
  path: Assets/tilesetNEW/04.png
  artifactKey: Guid(a5d954b28e9549440a1783fb6907131b) Importer(815301076,1909f56bfc062723c751e8b465ee728b)
Start importing Assets/tilesetNEW/04.png using Guid(a5d954b28e9549440a1783fb6907131b) Importer(815301076,1909f56bfc062723c751e8b465ee728b)  -> (artifact id: '37ddb87adde32015422db5a82e465e79') in 0.004986 seconds
  Import took 0.006899 seconds .

========================================================================
Received Import Request.
  Time since last request: 0.000223 seconds.
  path: Assets/tilesetNEW/12.png
  artifactKey: Guid(23404b7d949a571458f21833847afdda) Importer(815301076,1909f56bfc062723c751e8b465ee728b)
Start importing Assets/tilesetNEW/12.png using Guid(23404b7d949a571458f21833847afdda) Importer(815301076,1909f56bfc062723c751e8b465ee728b)  -> (artifact id: '99b857819d418b84c3a26ae53e2a8c2f') in 0.004772 seconds
  Import took 0.006633 seconds .

========================================================================
Received Import Request.
  Time since last request: 0.000216 seconds.
  path: Assets/tilesetNEW/15.png
  artifactKey: Guid(51255d73a6d3e224aaef3f1966275aa5) Importer(815301076,1909f56bfc062723c751e8b465ee728b)
Start importing Assets/tilesetNEW/15.png using Guid(51255d73a6d3e224aaef3f1966275aa5) Importer(815301076,1909f56bfc062723c751e8b465ee728b)  -> (artifact id: '0179147af74de68beeca8c2fc6a00cdd') in 0.004759 seconds
  Import took 0.006604 seconds .

========================================================================
Received Import Request.
  Time since last request: 0.000239 seconds.
  path: Assets/tilesetNEW/01.png
  artifactKey: Guid(d4a6bf7cd09aadd4480c96ce65adeb83) Importer(815301076,1909f56bfc062723c751e8b465ee728b)
Start importing Assets/tilesetNEW/01.png using Guid(d4a6bf7cd09aadd4480c96ce65adeb83) Importer(815301076,1909f56bfc062723c751e8b465ee728b)  -> (artifact id: '6c0d793b5d797be15abd9579fd7256c0') in 0.004959 seconds
  Import took 0.006796 seconds .

========================================================================
Received Import Request.
  Time since last request: 0.000235 seconds.
  path: Assets/tilesetNEW/13.png
  artifactKey: Guid(01ee4e50400b9534db6da5a84b688188) Importer(815301076,1909f56bfc062723c751e8b465ee728b)
Start importing Assets/tilesetNEW/13.png using Guid(01ee4e50400b9534db6da5a84b688188) Importer(815301076,1909f56bfc062723c751e8b465ee728b)  -> (artifact id: '668ff86e487f69d6e15cd46fa3aa2e7a') in 0.005953 seconds
  Import took 0.008163 seconds .

========================================================================
Received Import Request.
  Time since last request: 0.000210 seconds.
  path: Assets/tilesetNEW/02.png
  artifactKey: Guid(5f83bd35ffc7c1249a5df25e26637d65) Importer(815301076,1909f56bfc062723c751e8b465ee728b)
Start importing Assets/tilesetNEW/02.png using Guid(5f83bd35ffc7c1249a5df25e26637d65) Importer(815301076,1909f56bfc062723c751e8b465ee728b)  -> (artifact id: '903e132c03a62fe2e39308147dfaf80c') in 0.006647 seconds
  Import took 0.009177 seconds .

========================================================================
Received Import Request.
  Time since last request: 0.000180 seconds.
  path: Assets/tilesetNEW/03.png
  artifactKey: Guid(d17f785613aa5e5478c77ddbe1a25608) Importer(815301076,1909f56bfc062723c751e8b465ee728b)
Start importing Assets/tilesetNEW/03.png using Guid(d17f785613aa5e5478c77ddbe1a25608) Importer(815301076,1909f56bfc062723c751e8b465ee728b)  -> (artifact id: '17179307c277f006e72ce6f58b67c5ae') in 0.005369 seconds
  Import took 0.007632 seconds .

